The system is: Linux - 5.4.0-56-generic - x86_64
Compiling the C compiler identification source file "CMakeCCompilerId.c" succeeded.
Compiler: /usr/local/djgpp/bin/i586-pc-msdosdjgpp-gcc 
Build flags: 
Id flags:  

The output was:
0


Compilation of the C compiler identification source "CMakeCCompilerId.c" produced "a.exe"

Compilation of the C compiler identification source "CMakeCCompilerId.c" produced "a.out"

The C compiler identification is GNU, found in "/home/peter/DOSCODE/CMakeFiles/3.16.3/CompilerIdC/a.exe"

Compiling the CXX compiler identification source file "CMakeCXXCompilerId.cpp" succeeded.
Compiler: /usr/local/djgpp/bin/i586-pc-msdosdjgpp-g++ 
Build flags: 
Id flags:  

The output was:
0


Compilation of the CXX compiler identification source "CMakeCXXCompilerId.cpp" produced "a.exe"

Compilation of the CXX compiler identification source "CMakeCXXCompilerId.cpp" produced "a.out"

The CXX compiler identification is GNU, found in "/home/peter/DOSCODE/CMakeFiles/3.16.3/CompilerIdCXX/a.exe"

Determining if the C compiler works passed with the following output:
Change Dir: /home/peter/DOSCODE/CMakeFiles/CMakeTmp

Run Build Command(s):/usr/bin/make cmTC_7ef90/fast && /usr/bin/make -f CMakeFiles/cmTC_7ef90.dir/build.make CMakeFiles/cmTC_7ef90.dir/build
make[1]: Entering directory '/home/peter/DOSCODE/CMakeFiles/CMakeTmp'
Building C object CMakeFiles/cmTC_7ef90.dir/testCCompiler.c.o
/usr/local/djgpp/bin/i586-pc-msdosdjgpp-gcc    -o CMakeFiles/cmTC_7ef90.dir/testCCompiler.c.o   -c /home/peter/DOSCODE/CMakeFiles/CMakeTmp/testCCompiler.c
Linking C executable cmTC_7ef90
/usr/bin/cmake -E cmake_link_script CMakeFiles/cmTC_7ef90.dir/link.txt --verbose=1
/usr/local/djgpp/bin/i586-pc-msdosdjgpp-gcc      CMakeFiles/cmTC_7ef90.dir/testCCompiler.c.o  -o cmTC_7ef90 
make[1]: Leaving directory '/home/peter/DOSCODE/CMakeFiles/CMakeTmp'



Detecting C compiler ABI info compiled with the following output:
Change Dir: /home/peter/DOSCODE/CMakeFiles/CMakeTmp

Run Build Command(s):/usr/bin/make cmTC_dad5b/fast && /usr/bin/make -f CMakeFiles/cmTC_dad5b.dir/build.make CMakeFiles/cmTC_dad5b.dir/build
make[1]: Entering directory '/home/peter/DOSCODE/CMakeFiles/CMakeTmp'
Building C object CMakeFiles/cmTC_dad5b.dir/CMakeCCompilerABI.c.o
/usr/local/djgpp/bin/i586-pc-msdosdjgpp-gcc   -v -o CMakeFiles/cmTC_dad5b.dir/CMakeCCompilerABI.c.o   -c /usr/share/cmake-3.16/Modules/CMakeCCompilerABI.c
Using built-in specs.
COLLECT_GCC=/usr/local/djgpp/bin/i586-pc-msdosdjgpp-gcc
Target: i586-pc-msdosdjgpp
Configured with: ../gnu/gcc-4.73/configure --target=i586-pc-msdosdjgpp --program-prefix=i586-pc-msdosdjgpp- --prefix=/usr/local/djgpp --disable-nls --disable-lto --enable-libquadmath-support --with-gmp=/home/peter/DOSDEV/build-djgpp/build/djcross-gcc-4.7.3/tmpinst --with-mpfr=/home/peter/DOSDEV/build-djgpp/build/djcross-gcc-4.7.3/tmpinst --with-mpc=/home/peter/DOSDEV/build-djgpp/build/djcross-gcc-4.7.3/tmpinst --enable-version-specific-runtime-libs --enable-languages=c,c++
Thread model: single
gcc version 4.7.3 (GCC) 
COLLECT_GCC_OPTIONS='-v' '-o' 'CMakeFiles/cmTC_dad5b.dir/CMakeCCompilerABI.c.o' '-c' '-mtune=pentium' '-march=pentium'
 /usr/local/djgpp/libexec/gcc/i586-pc-msdosdjgpp/4.7.3/cc1 -quiet -v -remap /usr/share/cmake-3.16/Modules/CMakeCCompilerABI.c -quiet -dumpbase CMakeCCompilerABI.c -mtune=pentium -march=pentium -auxbase-strip CMakeFiles/cmTC_dad5b.dir/CMakeCCompilerABI.c.o -version -o /tmp/ccLfkylU.s
GNU C (GCC) version 4.7.3 (i586-pc-msdosdjgpp)
	compiled by GNU C version 9.3.0, GMP version 5.0.5, MPFR version 3.1.1, MPC version 1.0
GGC heuristics: --param ggc-min-expand=100 --param ggc-min-heapsize=131072
ignoring nonexistent directory "/usr/local/djgpp/lib/gcc/i586-pc-msdosdjgpp/4.7.3/../../../../i586-pc-msdosdjgpp/include"
#include "..." search starts here:
#include <...> search starts here:
 /usr/local/djgpp/lib/gcc/i586-pc-msdosdjgpp/4.7.3/include
 /usr/local/djgpp/lib/gcc/i586-pc-msdosdjgpp/4.7.3/include-fixed
 /usr/local/djgpp/lib/gcc/i586-pc-msdosdjgpp/4.7.3/../../../../i586-pc-msdosdjgpp/sys-include
End of search list.
GNU C (GCC) version 4.7.3 (i586-pc-msdosdjgpp)
	compiled by GNU C version 9.3.0, GMP version 5.0.5, MPFR version 3.1.1, MPC version 1.0
GGC heuristics: --param ggc-min-expand=100 --param ggc-min-heapsize=131072
Compiler executable checksum: be44b766d2ff66f5ed91e00b7e80bb6e
COLLECT_GCC_OPTIONS='-v' '-o' 'CMakeFiles/cmTC_dad5b.dir/CMakeCCompilerABI.c.o' '-c' '-mtune=pentium' '-march=pentium'
 /usr/local/djgpp/lib/gcc/i586-pc-msdosdjgpp/4.7.3/../../../../i586-pc-msdosdjgpp/bin/as -v -o CMakeFiles/cmTC_dad5b.dir/CMakeCCompilerABI.c.o /tmp/ccLfkylU.s
GNU assembler version  (i586-pc-msdosdjgpp) using BFD version (GNU Binutils) 2.24
COMPILER_PATH=/usr/local/djgpp/libexec/gcc/i586-pc-msdosdjgpp/4.7.3/:/usr/local/djgpp/libexec/gcc/i586-pc-msdosdjgpp/4.7.3/:/usr/local/djgpp/libexec/gcc/i586-pc-msdosdjgpp/:/usr/local/djgpp/lib/gcc/i586-pc-msdosdjgpp/4.7.3/:/usr/local/djgpp/lib/gcc/i586-pc-msdosdjgpp/:/usr/local/djgpp/lib/gcc/i586-pc-msdosdjgpp/4.7.3/../../../../i586-pc-msdosdjgpp/bin/
LIBRARY_PATH=/usr/local/djgpp/lib/gcc/i586-pc-msdosdjgpp/4.7.3/:/usr/local/djgpp/lib/gcc/i586-pc-msdosdjgpp/4.7.3/../../../../i586-pc-msdosdjgpp/lib/
COLLECT_GCC_OPTIONS='-v' '-o' 'CMakeFiles/cmTC_dad5b.dir/CMakeCCompilerABI.c.o' '-c' '-mtune=pentium' '-march=pentium'
Linking C executable cmTC_dad5b
/usr/bin/cmake -E cmake_link_script CMakeFiles/cmTC_dad5b.dir/link.txt --verbose=1
/usr/local/djgpp/bin/i586-pc-msdosdjgpp-gcc     -v CMakeFiles/cmTC_dad5b.dir/CMakeCCompilerABI.c.o  -o cmTC_dad5b 
Using built-in specs.
COLLECT_GCC=/usr/local/djgpp/bin/i586-pc-msdosdjgpp-gcc
COLLECT_LTO_WRAPPER=/usr/local/djgpp/libexec/gcc/i586-pc-msdosdjgpp/4.7.3/lto-wrapper
Target: i586-pc-msdosdjgpp
Configured with: ../gnu/gcc-4.73/configure --target=i586-pc-msdosdjgpp --program-prefix=i586-pc-msdosdjgpp- --prefix=/usr/local/djgpp --disable-nls --disable-lto --enable-libquadmath-support --with-gmp=/home/peter/DOSDEV/build-djgpp/build/djcross-gcc-4.7.3/tmpinst --with-mpfr=/home/peter/DOSDEV/build-djgpp/build/djcross-gcc-4.7.3/tmpinst --with-mpc=/home/peter/DOSDEV/build-djgpp/build/djcross-gcc-4.7.3/tmpinst --enable-version-specific-runtime-libs --enable-languages=c,c++
Thread model: single
gcc version 4.7.3 (GCC) 
COMPILER_PATH=/usr/local/djgpp/libexec/gcc/i586-pc-msdosdjgpp/4.7.3/:/usr/local/djgpp/libexec/gcc/i586-pc-msdosdjgpp/4.7.3/:/usr/local/djgpp/libexec/gcc/i586-pc-msdosdjgpp/:/usr/local/djgpp/lib/gcc/i586-pc-msdosdjgpp/4.7.3/:/usr/local/djgpp/lib/gcc/i586-pc-msdosdjgpp/:/usr/local/djgpp/lib/gcc/i586-pc-msdosdjgpp/4.7.3/../../../../i586-pc-msdosdjgpp/bin/
LIBRARY_PATH=/usr/local/djgpp/lib/gcc/i586-pc-msdosdjgpp/4.7.3/:/usr/local/djgpp/lib/gcc/i586-pc-msdosdjgpp/4.7.3/../../../../i586-pc-msdosdjgpp/lib/
COLLECT_GCC_OPTIONS='-v' '-o' 'cmTC_dad5b' '-mtune=pentium' '-march=pentium'
 /usr/local/djgpp/libexec/gcc/i586-pc-msdosdjgpp/4.7.3/collect2 -o cmTC_dad5b /usr/local/djgpp/lib/gcc/i586-pc-msdosdjgpp/4.7.3/../../../../i586-pc-msdosdjgpp/lib/crt0.o -L/usr/local/djgpp/lib/gcc/i586-pc-msdosdjgpp/4.7.3 -L/usr/local/djgpp/lib/gcc/i586-pc-msdosdjgpp/4.7.3/../../../../i586-pc-msdosdjgpp/lib CMakeFiles/cmTC_dad5b.dir/CMakeCCompilerABI.c.o -lgcc -lc -lgcc
COLLECT_GCC_OPTIONS='-v' '-o' 'cmTC_dad5b' '-mtune=pentium' '-march=pentium'
 /usr/local/djgpp/lib/gcc/i586-pc-msdosdjgpp/4.7.3/../../../../i586-pc-msdosdjgpp/bin/stubify -v cmTC_dad5b
stubify for djgpp V2.X executables, Copyright (C) 1995-2003 DJ Delorie
stubify: cmTC_dad5b -> cmTC_dad5b.exe
make[1]: Leaving directory '/home/peter/DOSCODE/CMakeFiles/CMakeTmp'



Parsed C implicit include dir info from above output: rv=done
  found start of include info
  found start of implicit include info
    add: [/usr/local/djgpp/lib/gcc/i586-pc-msdosdjgpp/4.7.3/include]
    add: [/usr/local/djgpp/lib/gcc/i586-pc-msdosdjgpp/4.7.3/include-fixed]
    add: [/usr/local/djgpp/lib/gcc/i586-pc-msdosdjgpp/4.7.3/../../../../i586-pc-msdosdjgpp/sys-include]
  end of search list found
  collapse include dir [/usr/local/djgpp/lib/gcc/i586-pc-msdosdjgpp/4.7.3/include] ==> [/usr/local/djgpp/lib/gcc/i586-pc-msdosdjgpp/4.7.3/include]
  collapse include dir [/usr/local/djgpp/lib/gcc/i586-pc-msdosdjgpp/4.7.3/include-fixed] ==> [/usr/local/djgpp/lib/gcc/i586-pc-msdosdjgpp/4.7.3/include-fixed]
  collapse include dir [/usr/local/djgpp/lib/gcc/i586-pc-msdosdjgpp/4.7.3/../../../../i586-pc-msdosdjgpp/sys-include] ==> [/usr/local/djgpp/i586-pc-msdosdjgpp/sys-include]
  implicit include dirs: [/usr/local/djgpp/lib/gcc/i586-pc-msdosdjgpp/4.7.3/include;/usr/local/djgpp/lib/gcc/i586-pc-msdosdjgpp/4.7.3/include-fixed;/usr/local/djgpp/i586-pc-msdosdjgpp/sys-include]


Parsed C implicit link information from above output:
  link line regex: [^( *|.*[/\])(ld|CMAKE_LINK_STARTFILE-NOTFOUND|([^/\]+-)?ld|collect2)[^/\]*( |$)]
  ignore line: [Change Dir: /home/peter/DOSCODE/CMakeFiles/CMakeTmp]
  ignore line: []
  ignore line: [Run Build Command(s):/usr/bin/make cmTC_dad5b/fast && /usr/bin/make -f CMakeFiles/cmTC_dad5b.dir/build.make CMakeFiles/cmTC_dad5b.dir/build]
  ignore line: [make[1]: Entering directory '/home/peter/DOSCODE/CMakeFiles/CMakeTmp']
  ignore line: [Building C object CMakeFiles/cmTC_dad5b.dir/CMakeCCompilerABI.c.o]
  ignore line: [/usr/local/djgpp/bin/i586-pc-msdosdjgpp-gcc   -v -o CMakeFiles/cmTC_dad5b.dir/CMakeCCompilerABI.c.o   -c /usr/share/cmake-3.16/Modules/CMakeCCompilerABI.c]
  ignore line: [Using built-in specs.]
  ignore line: [COLLECT_GCC=/usr/local/djgpp/bin/i586-pc-msdosdjgpp-gcc]
  ignore line: [Target: i586-pc-msdosdjgpp]
  ignore line: [Configured with: ../gnu/gcc-4.73/configure --target=i586-pc-msdosdjgpp --program-prefix=i586-pc-msdosdjgpp- --prefix=/usr/local/djgpp --disable-nls --disable-lto --enable-libquadmath-support --with-gmp=/home/peter/DOSDEV/build-djgpp/build/djcross-gcc-4.7.3/tmpinst --with-mpfr=/home/peter/DOSDEV/build-djgpp/build/djcross-gcc-4.7.3/tmpinst --with-mpc=/home/peter/DOSDEV/build-djgpp/build/djcross-gcc-4.7.3/tmpinst --enable-version-specific-runtime-libs --enable-languages=c c++]
  ignore line: [Thread model: single]
  ignore line: [gcc version 4.7.3 (GCC) ]
  ignore line: [COLLECT_GCC_OPTIONS='-v' '-o' 'CMakeFiles/cmTC_dad5b.dir/CMakeCCompilerABI.c.o' '-c' '-mtune=pentium' '-march=pentium']
  ignore line: [ /usr/local/djgpp/libexec/gcc/i586-pc-msdosdjgpp/4.7.3/cc1 -quiet -v -remap /usr/share/cmake-3.16/Modules/CMakeCCompilerABI.c -quiet -dumpbase CMakeCCompilerABI.c -mtune=pentium -march=pentium -auxbase-strip CMakeFiles/cmTC_dad5b.dir/CMakeCCompilerABI.c.o -version -o /tmp/ccLfkylU.s]
  ignore line: [GNU C (GCC) version 4.7.3 (i586-pc-msdosdjgpp)]
  ignore line: [	compiled by GNU C version 9.3.0  GMP version 5.0.5  MPFR version 3.1.1  MPC version 1.0]
  ignore line: [GGC heuristics: --param ggc-min-expand=100 --param ggc-min-heapsize=131072]
  ignore line: [ignoring nonexistent directory "/usr/local/djgpp/lib/gcc/i586-pc-msdosdjgpp/4.7.3/../../../../i586-pc-msdosdjgpp/include"]
  ignore line: [#include "..." search starts here:]
  ignore line: [#include <...> search starts here:]
  ignore line: [ /usr/local/djgpp/lib/gcc/i586-pc-msdosdjgpp/4.7.3/include]
  ignore line: [ /usr/local/djgpp/lib/gcc/i586-pc-msdosdjgpp/4.7.3/include-fixed]
  ignore line: [ /usr/local/djgpp/lib/gcc/i586-pc-msdosdjgpp/4.7.3/../../../../i586-pc-msdosdjgpp/sys-include]
  ignore line: [End of search list.]
  ignore line: [GNU C (GCC) version 4.7.3 (i586-pc-msdosdjgpp)]
  ignore line: [	compiled by GNU C version 9.3.0  GMP version 5.0.5  MPFR version 3.1.1  MPC version 1.0]
  ignore line: [GGC heuristics: --param ggc-min-expand=100 --param ggc-min-heapsize=131072]
  ignore line: [Compiler executable checksum: be44b766d2ff66f5ed91e00b7e80bb6e]
  ignore line: [COLLECT_GCC_OPTIONS='-v' '-o' 'CMakeFiles/cmTC_dad5b.dir/CMakeCCompilerABI.c.o' '-c' '-mtune=pentium' '-march=pentium']
  ignore line: [ /usr/local/djgpp/lib/gcc/i586-pc-msdosdjgpp/4.7.3/../../../../i586-pc-msdosdjgpp/bin/as -v -o CMakeFiles/cmTC_dad5b.dir/CMakeCCompilerABI.c.o /tmp/ccLfkylU.s]
  ignore line: [GNU assembler version  (i586-pc-msdosdjgpp) using BFD version (GNU Binutils) 2.24]
  ignore line: [COMPILER_PATH=/usr/local/djgpp/libexec/gcc/i586-pc-msdosdjgpp/4.7.3/:/usr/local/djgpp/libexec/gcc/i586-pc-msdosdjgpp/4.7.3/:/usr/local/djgpp/libexec/gcc/i586-pc-msdosdjgpp/:/usr/local/djgpp/lib/gcc/i586-pc-msdosdjgpp/4.7.3/:/usr/local/djgpp/lib/gcc/i586-pc-msdosdjgpp/:/usr/local/djgpp/lib/gcc/i586-pc-msdosdjgpp/4.7.3/../../../../i586-pc-msdosdjgpp/bin/]
  ignore line: [LIBRARY_PATH=/usr/local/djgpp/lib/gcc/i586-pc-msdosdjgpp/4.7.3/:/usr/local/djgpp/lib/gcc/i586-pc-msdosdjgpp/4.7.3/../../../../i586-pc-msdosdjgpp/lib/]
  ignore line: [COLLECT_GCC_OPTIONS='-v' '-o' 'CMakeFiles/cmTC_dad5b.dir/CMakeCCompilerABI.c.o' '-c' '-mtune=pentium' '-march=pentium']
  ignore line: [Linking C executable cmTC_dad5b]
  ignore line: [/usr/bin/cmake -E cmake_link_script CMakeFiles/cmTC_dad5b.dir/link.txt --verbose=1]
  ignore line: [/usr/local/djgpp/bin/i586-pc-msdosdjgpp-gcc     -v CMakeFiles/cmTC_dad5b.dir/CMakeCCompilerABI.c.o  -o cmTC_dad5b ]
  ignore line: [Using built-in specs.]
  ignore line: [COLLECT_GCC=/usr/local/djgpp/bin/i586-pc-msdosdjgpp-gcc]
  ignore line: [COLLECT_LTO_WRAPPER=/usr/local/djgpp/libexec/gcc/i586-pc-msdosdjgpp/4.7.3/lto-wrapper]
  ignore line: [Target: i586-pc-msdosdjgpp]
  ignore line: [Configured with: ../gnu/gcc-4.73/configure --target=i586-pc-msdosdjgpp --program-prefix=i586-pc-msdosdjgpp- --prefix=/usr/local/djgpp --disable-nls --disable-lto --enable-libquadmath-support --with-gmp=/home/peter/DOSDEV/build-djgpp/build/djcross-gcc-4.7.3/tmpinst --with-mpfr=/home/peter/DOSDEV/build-djgpp/build/djcross-gcc-4.7.3/tmpinst --with-mpc=/home/peter/DOSDEV/build-djgpp/build/djcross-gcc-4.7.3/tmpinst --enable-version-specific-runtime-libs --enable-languages=c c++]
  ignore line: [Thread model: single]
  ignore line: [gcc version 4.7.3 (GCC) ]
  ignore line: [COMPILER_PATH=/usr/local/djgpp/libexec/gcc/i586-pc-msdosdjgpp/4.7.3/:/usr/local/djgpp/libexec/gcc/i586-pc-msdosdjgpp/4.7.3/:/usr/local/djgpp/libexec/gcc/i586-pc-msdosdjgpp/:/usr/local/djgpp/lib/gcc/i586-pc-msdosdjgpp/4.7.3/:/usr/local/djgpp/lib/gcc/i586-pc-msdosdjgpp/:/usr/local/djgpp/lib/gcc/i586-pc-msdosdjgpp/4.7.3/../../../../i586-pc-msdosdjgpp/bin/]
  ignore line: [LIBRARY_PATH=/usr/local/djgpp/lib/gcc/i586-pc-msdosdjgpp/4.7.3/:/usr/local/djgpp/lib/gcc/i586-pc-msdosdjgpp/4.7.3/../../../../i586-pc-msdosdjgpp/lib/]
  ignore line: [COLLECT_GCC_OPTIONS='-v' '-o' 'cmTC_dad5b' '-mtune=pentium' '-march=pentium']
  link line: [ /usr/local/djgpp/libexec/gcc/i586-pc-msdosdjgpp/4.7.3/collect2 -o cmTC_dad5b /usr/local/djgpp/lib/gcc/i586-pc-msdosdjgpp/4.7.3/../../../../i586-pc-msdosdjgpp/lib/crt0.o -L/usr/local/djgpp/lib/gcc/i586-pc-msdosdjgpp/4.7.3 -L/usr/local/djgpp/lib/gcc/i586-pc-msdosdjgpp/4.7.3/../../../../i586-pc-msdosdjgpp/lib CMakeFiles/cmTC_dad5b.dir/CMakeCCompilerABI.c.o -lgcc -lc -lgcc]
    arg [/usr/local/djgpp/libexec/gcc/i586-pc-msdosdjgpp/4.7.3/collect2] ==> ignore
    arg [-o] ==> ignore
    arg [cmTC_dad5b] ==> ignore
    arg [/usr/local/djgpp/lib/gcc/i586-pc-msdosdjgpp/4.7.3/../../../../i586-pc-msdosdjgpp/lib/crt0.o] ==> ignore
    arg [-L/usr/local/djgpp/lib/gcc/i586-pc-msdosdjgpp/4.7.3] ==> dir [/usr/local/djgpp/lib/gcc/i586-pc-msdosdjgpp/4.7.3]
    arg [-L/usr/local/djgpp/lib/gcc/i586-pc-msdosdjgpp/4.7.3/../../../../i586-pc-msdosdjgpp/lib] ==> dir [/usr/local/djgpp/lib/gcc/i586-pc-msdosdjgpp/4.7.3/../../../../i586-pc-msdosdjgpp/lib]
    arg [CMakeFiles/cmTC_dad5b.dir/CMakeCCompilerABI.c.o] ==> ignore
    arg [-lgcc] ==> lib [gcc]
    arg [-lc] ==> lib [c]
    arg [-lgcc] ==> lib [gcc]
  collapse library dir [/usr/local/djgpp/lib/gcc/i586-pc-msdosdjgpp/4.7.3] ==> [/usr/local/djgpp/lib/gcc/i586-pc-msdosdjgpp/4.7.3]
  collapse library dir [/usr/local/djgpp/lib/gcc/i586-pc-msdosdjgpp/4.7.3/../../../../i586-pc-msdosdjgpp/lib] ==> [/usr/local/djgpp/i586-pc-msdosdjgpp/lib]
  implicit libs: [gcc;c;gcc]
  implicit dirs: [/usr/local/djgpp/lib/gcc/i586-pc-msdosdjgpp/4.7.3;/usr/local/djgpp/i586-pc-msdosdjgpp/lib]
  implicit fwks: []


Determining if the CXX compiler works passed with the following output:
Change Dir: /home/peter/DOSCODE/CMakeFiles/CMakeTmp

Run Build Command(s):/usr/bin/make cmTC_d7480/fast && /usr/bin/make -f CMakeFiles/cmTC_d7480.dir/build.make CMakeFiles/cmTC_d7480.dir/build
make[1]: Entering directory '/home/peter/DOSCODE/CMakeFiles/CMakeTmp'
Building CXX object CMakeFiles/cmTC_d7480.dir/testCXXCompiler.cxx.o
/usr/local/djgpp/bin/i586-pc-msdosdjgpp-g++     -o CMakeFiles/cmTC_d7480.dir/testCXXCompiler.cxx.o -c /home/peter/DOSCODE/CMakeFiles/CMakeTmp/testCXXCompiler.cxx
Linking CXX executable cmTC_d7480
/usr/bin/cmake -E cmake_link_script CMakeFiles/cmTC_d7480.dir/link.txt --verbose=1
/usr/local/djgpp/bin/i586-pc-msdosdjgpp-g++       CMakeFiles/cmTC_d7480.dir/testCXXCompiler.cxx.o  -o cmTC_d7480 
make[1]: Leaving directory '/home/peter/DOSCODE/CMakeFiles/CMakeTmp'



Detecting CXX compiler ABI info compiled with the following output:
Change Dir: /home/peter/DOSCODE/CMakeFiles/CMakeTmp

Run Build Command(s):/usr/bin/make cmTC_f74da/fast && /usr/bin/make -f CMakeFiles/cmTC_f74da.dir/build.make CMakeFiles/cmTC_f74da.dir/build
make[1]: Entering directory '/home/peter/DOSCODE/CMakeFiles/CMakeTmp'
Building CXX object CMakeFiles/cmTC_f74da.dir/CMakeCXXCompilerABI.cpp.o
/usr/local/djgpp/bin/i586-pc-msdosdjgpp-g++    -v -o CMakeFiles/cmTC_f74da.dir/CMakeCXXCompilerABI.cpp.o -c /usr/share/cmake-3.16/Modules/CMakeCXXCompilerABI.cpp
Using built-in specs.
COLLECT_GCC=/usr/local/djgpp/bin/i586-pc-msdosdjgpp-g++
Target: i586-pc-msdosdjgpp
Configured with: ../gnu/gcc-4.73/configure --target=i586-pc-msdosdjgpp --program-prefix=i586-pc-msdosdjgpp- --prefix=/usr/local/djgpp --disable-nls --disable-lto --enable-libquadmath-support --with-gmp=/home/peter/DOSDEV/build-djgpp/build/djcross-gcc-4.7.3/tmpinst --with-mpfr=/home/peter/DOSDEV/build-djgpp/build/djcross-gcc-4.7.3/tmpinst --with-mpc=/home/peter/DOSDEV/build-djgpp/build/djcross-gcc-4.7.3/tmpinst --enable-version-specific-runtime-libs --enable-languages=c,c++
Thread model: single
gcc version 4.7.3 (GCC) 
COLLECT_GCC_OPTIONS='-v' '-o' 'CMakeFiles/cmTC_f74da.dir/CMakeCXXCompilerABI.cpp.o' '-c' '-mtune=pentium' '-march=pentium'
 /usr/local/djgpp/libexec/gcc/i586-pc-msdosdjgpp/4.7.3/cc1plus -quiet -v -remap /usr/share/cmake-3.16/Modules/CMakeCXXCompilerABI.cpp -quiet -dumpbase CMakeCXXCompilerABI.cpp -mtune=pentium -march=pentium -auxbase-strip CMakeFiles/cmTC_f74da.dir/CMakeCXXCompilerABI.cpp.o -version -o /tmp/ccqcdtb4.s
GNU C++ (GCC) version 4.7.3 (i586-pc-msdosdjgpp)
	compiled by GNU C version 9.3.0, GMP version 5.0.5, MPFR version 3.1.1, MPC version 1.0
GGC heuristics: --param ggc-min-expand=100 --param ggc-min-heapsize=131072
ignoring nonexistent directory "/usr/local/djgpp/lib/gcc/i586-pc-msdosdjgpp/4.7.3/../../../../i586-pc-msdosdjgpp/include"
#include "..." search starts here:
#include <...> search starts here:
 /usr/local/djgpp/lib/gcc/i586-pc-msdosdjgpp/4.7.3/include/c++
 /usr/local/djgpp/lib/gcc/i586-pc-msdosdjgpp/4.7.3/include/c++/i586-pc-msdosdjgpp
 /usr/local/djgpp/lib/gcc/i586-pc-msdosdjgpp/4.7.3/include/c++/backward
 /usr/local/djgpp/lib/gcc/i586-pc-msdosdjgpp/4.7.3/include
 /usr/local/djgpp/lib/gcc/i586-pc-msdosdjgpp/4.7.3/include-fixed
 /usr/local/djgpp/lib/gcc/i586-pc-msdosdjgpp/4.7.3/../../../../i586-pc-msdosdjgpp/sys-include
End of search list.
GNU C++ (GCC) version 4.7.3 (i586-pc-msdosdjgpp)
	compiled by GNU C version 9.3.0, GMP version 5.0.5, MPFR version 3.1.1, MPC version 1.0
GGC heuristics: --param ggc-min-expand=100 --param ggc-min-heapsize=131072
Compiler executable checksum: 7c6620bd675d9c47578d85fda89d308c
COLLECT_GCC_OPTIONS='-v' '-o' 'CMakeFiles/cmTC_f74da.dir/CMakeCXXCompilerABI.cpp.o' '-c' '-mtune=pentium' '-march=pentium'
 /usr/local/djgpp/lib/gcc/i586-pc-msdosdjgpp/4.7.3/../../../../i586-pc-msdosdjgpp/bin/as -v -o CMakeFiles/cmTC_f74da.dir/CMakeCXXCompilerABI.cpp.o /tmp/ccqcdtb4.s
GNU assembler version  (i586-pc-msdosdjgpp) using BFD version (GNU Binutils) 2.24
COMPILER_PATH=/usr/local/djgpp/libexec/gcc/i586-pc-msdosdjgpp/4.7.3/:/usr/local/djgpp/libexec/gcc/i586-pc-msdosdjgpp/4.7.3/:/usr/local/djgpp/libexec/gcc/i586-pc-msdosdjgpp/:/usr/local/djgpp/lib/gcc/i586-pc-msdosdjgpp/4.7.3/:/usr/local/djgpp/lib/gcc/i586-pc-msdosdjgpp/:/usr/local/djgpp/lib/gcc/i586-pc-msdosdjgpp/4.7.3/../../../../i586-pc-msdosdjgpp/bin/
LIBRARY_PATH=/usr/local/djgpp/lib/gcc/i586-pc-msdosdjgpp/4.7.3/:/usr/local/djgpp/lib/gcc/i586-pc-msdosdjgpp/4.7.3/../../../../i586-pc-msdosdjgpp/lib/
COLLECT_GCC_OPTIONS='-v' '-o' 'CMakeFiles/cmTC_f74da.dir/CMakeCXXCompilerABI.cpp.o' '-c' '-mtune=pentium' '-march=pentium'
Linking CXX executable cmTC_f74da
/usr/bin/cmake -E cmake_link_script CMakeFiles/cmTC_f74da.dir/link.txt --verbose=1
/usr/local/djgpp/bin/i586-pc-msdosdjgpp-g++      -v CMakeFiles/cmTC_f74da.dir/CMakeCXXCompilerABI.cpp.o  -o cmTC_f74da 
Using built-in specs.
COLLECT_GCC=/usr/local/djgpp/bin/i586-pc-msdosdjgpp-g++
COLLECT_LTO_WRAPPER=/usr/local/djgpp/libexec/gcc/i586-pc-msdosdjgpp/4.7.3/lto-wrapper
Target: i586-pc-msdosdjgpp
Configured with: ../gnu/gcc-4.73/configure --target=i586-pc-msdosdjgpp --program-prefix=i586-pc-msdosdjgpp- --prefix=/usr/local/djgpp --disable-nls --disable-lto --enable-libquadmath-support --with-gmp=/home/peter/DOSDEV/build-djgpp/build/djcross-gcc-4.7.3/tmpinst --with-mpfr=/home/peter/DOSDEV/build-djgpp/build/djcross-gcc-4.7.3/tmpinst --with-mpc=/home/peter/DOSDEV/build-djgpp/build/djcross-gcc-4.7.3/tmpinst --enable-version-specific-runtime-libs --enable-languages=c,c++
Thread model: single
gcc version 4.7.3 (GCC) 
COMPILER_PATH=/usr/local/djgpp/libexec/gcc/i586-pc-msdosdjgpp/4.7.3/:/usr/local/djgpp/libexec/gcc/i586-pc-msdosdjgpp/4.7.3/:/usr/local/djgpp/libexec/gcc/i586-pc-msdosdjgpp/:/usr/local/djgpp/lib/gcc/i586-pc-msdosdjgpp/4.7.3/:/usr/local/djgpp/lib/gcc/i586-pc-msdosdjgpp/:/usr/local/djgpp/lib/gcc/i586-pc-msdosdjgpp/4.7.3/../../../../i586-pc-msdosdjgpp/bin/
LIBRARY_PATH=/usr/local/djgpp/lib/gcc/i586-pc-msdosdjgpp/4.7.3/:/usr/local/djgpp/lib/gcc/i586-pc-msdosdjgpp/4.7.3/../../../../i586-pc-msdosdjgpp/lib/
COLLECT_GCC_OPTIONS='-v' '-o' 'cmTC_f74da' '-mtune=pentium' '-march=pentium'
 /usr/local/djgpp/libexec/gcc/i586-pc-msdosdjgpp/4.7.3/collect2 -o cmTC_f74da /usr/local/djgpp/lib/gcc/i586-pc-msdosdjgpp/4.7.3/../../../../i586-pc-msdosdjgpp/lib/crt0.o -L/usr/local/djgpp/lib/gcc/i586-pc-msdosdjgpp/4.7.3 -L/usr/local/djgpp/lib/gcc/i586-pc-msdosdjgpp/4.7.3/../../../../i586-pc-msdosdjgpp/lib CMakeFiles/cmTC_f74da.dir/CMakeCXXCompilerABI.cpp.o -lstdc++ -lm -lgcc -lc -lgcc
COLLECT_GCC_OPTIONS='-v' '-o' 'cmTC_f74da' '-mtune=pentium' '-march=pentium'
 /usr/local/djgpp/lib/gcc/i586-pc-msdosdjgpp/4.7.3/../../../../i586-pc-msdosdjgpp/bin/stubify -v cmTC_f74da
stubify for djgpp V2.X executables, Copyright (C) 1995-2003 DJ Delorie
stubify: cmTC_f74da -> cmTC_f74da.exe
make[1]: Leaving directory '/home/peter/DOSCODE/CMakeFiles/CMakeTmp'



Parsed CXX implicit include dir info from above output: rv=done
  found start of include info
  found start of implicit include info
    add: [/usr/local/djgpp/lib/gcc/i586-pc-msdosdjgpp/4.7.3/include/c++]
    add: [/usr/local/djgpp/lib/gcc/i586-pc-msdosdjgpp/4.7.3/include/c++/i586-pc-msdosdjgpp]
    add: [/usr/local/djgpp/lib/gcc/i586-pc-msdosdjgpp/4.7.3/include/c++/backward]
    add: [/usr/local/djgpp/lib/gcc/i586-pc-msdosdjgpp/4.7.3/include]
    add: [/usr/local/djgpp/lib/gcc/i586-pc-msdosdjgpp/4.7.3/include-fixed]
    add: [/usr/local/djgpp/lib/gcc/i586-pc-msdosdjgpp/4.7.3/../../../../i586-pc-msdosdjgpp/sys-include]
  end of search list found
  collapse include dir [/usr/local/djgpp/lib/gcc/i586-pc-msdosdjgpp/4.7.3/include/c++] ==> [/usr/local/djgpp/lib/gcc/i586-pc-msdosdjgpp/4.7.3/include/c++]
  collapse include dir [/usr/local/djgpp/lib/gcc/i586-pc-msdosdjgpp/4.7.3/include/c++/i586-pc-msdosdjgpp] ==> [/usr/local/djgpp/lib/gcc/i586-pc-msdosdjgpp/4.7.3/include/c++/i586-pc-msdosdjgpp]
  collapse include dir [/usr/local/djgpp/lib/gcc/i586-pc-msdosdjgpp/4.7.3/include/c++/backward] ==> [/usr/local/djgpp/lib/gcc/i586-pc-msdosdjgpp/4.7.3/include/c++/backward]
  collapse include dir [/usr/local/djgpp/lib/gcc/i586-pc-msdosdjgpp/4.7.3/include] ==> [/usr/local/djgpp/lib/gcc/i586-pc-msdosdjgpp/4.7.3/include]
  collapse include dir [/usr/local/djgpp/lib/gcc/i586-pc-msdosdjgpp/4.7.3/include-fixed] ==> [/usr/local/djgpp/lib/gcc/i586-pc-msdosdjgpp/4.7.3/include-fixed]
  collapse include dir [/usr/local/djgpp/lib/gcc/i586-pc-msdosdjgpp/4.7.3/../../../../i586-pc-msdosdjgpp/sys-include] ==> [/usr/local/djgpp/i586-pc-msdosdjgpp/sys-include]
  implicit include dirs: [/usr/local/djgpp/lib/gcc/i586-pc-msdosdjgpp/4.7.3/include/c++;/usr/local/djgpp/lib/gcc/i586-pc-msdosdjgpp/4.7.3/include/c++/i586-pc-msdosdjgpp;/usr/local/djgpp/lib/gcc/i586-pc-msdosdjgpp/4.7.3/include/c++/backward;/usr/local/djgpp/lib/gcc/i586-pc-msdosdjgpp/4.7.3/include;/usr/local/djgpp/lib/gcc/i586-pc-msdosdjgpp/4.7.3/include-fixed;/usr/local/djgpp/i586-pc-msdosdjgpp/sys-include]


Parsed CXX implicit link information from above output:
  link line regex: [^( *|.*[/\])(ld|CMAKE_LINK_STARTFILE-NOTFOUND|([^/\]+-)?ld|collect2)[^/\]*( |$)]
  ignore line: [Change Dir: /home/peter/DOSCODE/CMakeFiles/CMakeTmp]
  ignore line: []
  ignore line: [Run Build Command(s):/usr/bin/make cmTC_f74da/fast && /usr/bin/make -f CMakeFiles/cmTC_f74da.dir/build.make CMakeFiles/cmTC_f74da.dir/build]
  ignore line: [make[1]: Entering directory '/home/peter/DOSCODE/CMakeFiles/CMakeTmp']
  ignore line: [Building CXX object CMakeFiles/cmTC_f74da.dir/CMakeCXXCompilerABI.cpp.o]
  ignore line: [/usr/local/djgpp/bin/i586-pc-msdosdjgpp-g++    -v -o CMakeFiles/cmTC_f74da.dir/CMakeCXXCompilerABI.cpp.o -c /usr/share/cmake-3.16/Modules/CMakeCXXCompilerABI.cpp]
  ignore line: [Using built-in specs.]
  ignore line: [COLLECT_GCC=/usr/local/djgpp/bin/i586-pc-msdosdjgpp-g++]
  ignore line: [Target: i586-pc-msdosdjgpp]
  ignore line: [Configured with: ../gnu/gcc-4.73/configure --target=i586-pc-msdosdjgpp --program-prefix=i586-pc-msdosdjgpp- --prefix=/usr/local/djgpp --disable-nls --disable-lto --enable-libquadmath-support --with-gmp=/home/peter/DOSDEV/build-djgpp/build/djcross-gcc-4.7.3/tmpinst --with-mpfr=/home/peter/DOSDEV/build-djgpp/build/djcross-gcc-4.7.3/tmpinst --with-mpc=/home/peter/DOSDEV/build-djgpp/build/djcross-gcc-4.7.3/tmpinst --enable-version-specific-runtime-libs --enable-languages=c c++]
  ignore line: [Thread model: single]
  ignore line: [gcc version 4.7.3 (GCC) ]
  ignore line: [COLLECT_GCC_OPTIONS='-v' '-o' 'CMakeFiles/cmTC_f74da.dir/CMakeCXXCompilerABI.cpp.o' '-c' '-mtune=pentium' '-march=pentium']
  ignore line: [ /usr/local/djgpp/libexec/gcc/i586-pc-msdosdjgpp/4.7.3/cc1plus -quiet -v -remap /usr/share/cmake-3.16/Modules/CMakeCXXCompilerABI.cpp -quiet -dumpbase CMakeCXXCompilerABI.cpp -mtune=pentium -march=pentium -auxbase-strip CMakeFiles/cmTC_f74da.dir/CMakeCXXCompilerABI.cpp.o -version -o /tmp/ccqcdtb4.s]
  ignore line: [GNU C++ (GCC) version 4.7.3 (i586-pc-msdosdjgpp)]
  ignore line: [	compiled by GNU C version 9.3.0  GMP version 5.0.5  MPFR version 3.1.1  MPC version 1.0]
  ignore line: [GGC heuristics: --param ggc-min-expand=100 --param ggc-min-heapsize=131072]
  ignore line: [ignoring nonexistent directory "/usr/local/djgpp/lib/gcc/i586-pc-msdosdjgpp/4.7.3/../../../../i586-pc-msdosdjgpp/include"]
  ignore line: [#include "..." search starts here:]
  ignore line: [#include <...> search starts here:]
  ignore line: [ /usr/local/djgpp/lib/gcc/i586-pc-msdosdjgpp/4.7.3/include/c++]
  ignore line: [ /usr/local/djgpp/lib/gcc/i586-pc-msdosdjgpp/4.7.3/include/c++/i586-pc-msdosdjgpp]
  ignore line: [ /usr/local/djgpp/lib/gcc/i586-pc-msdosdjgpp/4.7.3/include/c++/backward]
  ignore line: [ /usr/local/djgpp/lib/gcc/i586-pc-msdosdjgpp/4.7.3/include]
  ignore line: [ /usr/local/djgpp/lib/gcc/i586-pc-msdosdjgpp/4.7.3/include-fixed]
  ignore line: [ /usr/local/djgpp/lib/gcc/i586-pc-msdosdjgpp/4.7.3/../../../../i586-pc-msdosdjgpp/sys-include]
  ignore line: [End of search list.]
  ignore line: [GNU C++ (GCC) version 4.7.3 (i586-pc-msdosdjgpp)]
  ignore line: [	compiled by GNU C version 9.3.0  GMP version 5.0.5  MPFR version 3.1.1  MPC version 1.0]
  ignore line: [GGC heuristics: --param ggc-min-expand=100 --param ggc-min-heapsize=131072]
  ignore line: [Compiler executable checksum: 7c6620bd675d9c47578d85fda89d308c]
  ignore line: [COLLECT_GCC_OPTIONS='-v' '-o' 'CMakeFiles/cmTC_f74da.dir/CMakeCXXCompilerABI.cpp.o' '-c' '-mtune=pentium' '-march=pentium']
  ignore line: [ /usr/local/djgpp/lib/gcc/i586-pc-msdosdjgpp/4.7.3/../../../../i586-pc-msdosdjgpp/bin/as -v -o CMakeFiles/cmTC_f74da.dir/CMakeCXXCompilerABI.cpp.o /tmp/ccqcdtb4.s]
  ignore line: [GNU assembler version  (i586-pc-msdosdjgpp) using BFD version (GNU Binutils) 2.24]
  ignore line: [COMPILER_PATH=/usr/local/djgpp/libexec/gcc/i586-pc-msdosdjgpp/4.7.3/:/usr/local/djgpp/libexec/gcc/i586-pc-msdosdjgpp/4.7.3/:/usr/local/djgpp/libexec/gcc/i586-pc-msdosdjgpp/:/usr/local/djgpp/lib/gcc/i586-pc-msdosdjgpp/4.7.3/:/usr/local/djgpp/lib/gcc/i586-pc-msdosdjgpp/:/usr/local/djgpp/lib/gcc/i586-pc-msdosdjgpp/4.7.3/../../../../i586-pc-msdosdjgpp/bin/]
  ignore line: [LIBRARY_PATH=/usr/local/djgpp/lib/gcc/i586-pc-msdosdjgpp/4.7.3/:/usr/local/djgpp/lib/gcc/i586-pc-msdosdjgpp/4.7.3/../../../../i586-pc-msdosdjgpp/lib/]
  ignore line: [COLLECT_GCC_OPTIONS='-v' '-o' 'CMakeFiles/cmTC_f74da.dir/CMakeCXXCompilerABI.cpp.o' '-c' '-mtune=pentium' '-march=pentium']
  ignore line: [Linking CXX executable cmTC_f74da]
  ignore line: [/usr/bin/cmake -E cmake_link_script CMakeFiles/cmTC_f74da.dir/link.txt --verbose=1]
  ignore line: [/usr/local/djgpp/bin/i586-pc-msdosdjgpp-g++      -v CMakeFiles/cmTC_f74da.dir/CMakeCXXCompilerABI.cpp.o  -o cmTC_f74da ]
  ignore line: [Using built-in specs.]
  ignore line: [COLLECT_GCC=/usr/local/djgpp/bin/i586-pc-msdosdjgpp-g++]
  ignore line: [COLLECT_LTO_WRAPPER=/usr/local/djgpp/libexec/gcc/i586-pc-msdosdjgpp/4.7.3/lto-wrapper]
  ignore line: [Target: i586-pc-msdosdjgpp]
  ignore line: [Configured with: ../gnu/gcc-4.73/configure --target=i586-pc-msdosdjgpp --program-prefix=i586-pc-msdosdjgpp- --prefix=/usr/local/djgpp --disable-nls --disable-lto --enable-libquadmath-support --with-gmp=/home/peter/DOSDEV/build-djgpp/build/djcross-gcc-4.7.3/tmpinst --with-mpfr=/home/peter/DOSDEV/build-djgpp/build/djcross-gcc-4.7.3/tmpinst --with-mpc=/home/peter/DOSDEV/build-djgpp/build/djcross-gcc-4.7.3/tmpinst --enable-version-specific-runtime-libs --enable-languages=c c++]
  ignore line: [Thread model: single]
  ignore line: [gcc version 4.7.3 (GCC) ]
  ignore line: [COMPILER_PATH=/usr/local/djgpp/libexec/gcc/i586-pc-msdosdjgpp/4.7.3/:/usr/local/djgpp/libexec/gcc/i586-pc-msdosdjgpp/4.7.3/:/usr/local/djgpp/libexec/gcc/i586-pc-msdosdjgpp/:/usr/local/djgpp/lib/gcc/i586-pc-msdosdjgpp/4.7.3/:/usr/local/djgpp/lib/gcc/i586-pc-msdosdjgpp/:/usr/local/djgpp/lib/gcc/i586-pc-msdosdjgpp/4.7.3/../../../../i586-pc-msdosdjgpp/bin/]
  ignore line: [LIBRARY_PATH=/usr/local/djgpp/lib/gcc/i586-pc-msdosdjgpp/4.7.3/:/usr/local/djgpp/lib/gcc/i586-pc-msdosdjgpp/4.7.3/../../../../i586-pc-msdosdjgpp/lib/]
  ignore line: [COLLECT_GCC_OPTIONS='-v' '-o' 'cmTC_f74da' '-mtune=pentium' '-march=pentium']
  link line: [ /usr/local/djgpp/libexec/gcc/i586-pc-msdosdjgpp/4.7.3/collect2 -o cmTC_f74da /usr/local/djgpp/lib/gcc/i586-pc-msdosdjgpp/4.7.3/../../../../i586-pc-msdosdjgpp/lib/crt0.o -L/usr/local/djgpp/lib/gcc/i586-pc-msdosdjgpp/4.7.3 -L/usr/local/djgpp/lib/gcc/i586-pc-msdosdjgpp/4.7.3/../../../../i586-pc-msdosdjgpp/lib CMakeFiles/cmTC_f74da.dir/CMakeCXXCompilerABI.cpp.o -lstdc++ -lm -lgcc -lc -lgcc]
    arg [/usr/local/djgpp/libexec/gcc/i586-pc-msdosdjgpp/4.7.3/collect2] ==> ignore
    arg [-o] ==> ignore
    arg [cmTC_f74da] ==> ignore
    arg [/usr/local/djgpp/lib/gcc/i586-pc-msdosdjgpp/4.7.3/../../../../i586-pc-msdosdjgpp/lib/crt0.o] ==> ignore
    arg [-L/usr/local/djgpp/lib/gcc/i586-pc-msdosdjgpp/4.7.3] ==> dir [/usr/local/djgpp/lib/gcc/i586-pc-msdosdjgpp/4.7.3]
    arg [-L/usr/local/djgpp/lib/gcc/i586-pc-msdosdjgpp/4.7.3/../../../../i586-pc-msdosdjgpp/lib] ==> dir [/usr/local/djgpp/lib/gcc/i586-pc-msdosdjgpp/4.7.3/../../../../i586-pc-msdosdjgpp/lib]
    arg [CMakeFiles/cmTC_f74da.dir/CMakeCXXCompilerABI.cpp.o] ==> ignore
    arg [-lstdc++] ==> lib [stdc++]
    arg [-lm] ==> lib [m]
    arg [-lgcc] ==> lib [gcc]
    arg [-lc] ==> lib [c]
    arg [-lgcc] ==> lib [gcc]
  collapse library dir [/usr/local/djgpp/lib/gcc/i586-pc-msdosdjgpp/4.7.3] ==> [/usr/local/djgpp/lib/gcc/i586-pc-msdosdjgpp/4.7.3]
  collapse library dir [/usr/local/djgpp/lib/gcc/i586-pc-msdosdjgpp/4.7.3/../../../../i586-pc-msdosdjgpp/lib] ==> [/usr/local/djgpp/i586-pc-msdosdjgpp/lib]
  implicit libs: [stdc++;m;gcc;c;gcc]
  implicit dirs: [/usr/local/djgpp/lib/gcc/i586-pc-msdosdjgpp/4.7.3;/usr/local/djgpp/i586-pc-msdosdjgpp/lib]
  implicit fwks: []




Detecting CXX [-std=c++11] compiler features compiled with the following output:
Change Dir: /home/peter/DOSCODE/CMakeFiles/CMakeTmp

Run Build Command(s):/usr/bin/make cmTC_61fe7/fast && /usr/bin/make -f CMakeFiles/cmTC_61fe7.dir/build.make CMakeFiles/cmTC_61fe7.dir/build
make[1]: Entering directory '/home/peter/DOSCODE/CMakeFiles/CMakeTmp'
Building CXX object CMakeFiles/cmTC_61fe7.dir/feature_tests.cxx.o
/usr/local/djgpp/bin/i586-pc-msdosdjgpp-g++    -std=c++11 -o CMakeFiles/cmTC_61fe7.dir/feature_tests.cxx.o -c /home/peter/DOSCODE/CMakeFiles/feature_tests.cxx
Linking CXX executable cmTC_61fe7
/usr/bin/cmake -E cmake_link_script CMakeFiles/cmTC_61fe7.dir/link.txt --verbose=1
/usr/local/djgpp/bin/i586-pc-msdosdjgpp-g++       CMakeFiles/cmTC_61fe7.dir/feature_tests.cxx.o  -o cmTC_61fe7 
make[1]: Leaving directory '/home/peter/DOSCODE/CMakeFiles/CMakeTmp'



    Feature record: CXX_FEATURE:1cxx_template_template_parameters
    Feature record: CXX_FEATURE:1cxx_alias_templates
    Feature record: CXX_FEATURE:0cxx_alignas
    Feature record: CXX_FEATURE:0cxx_alignof
    Feature record: CXX_FEATURE:0cxx_attributes
    Feature record: CXX_FEATURE:1cxx_auto_type
    Feature record: CXX_FEATURE:1cxx_constexpr
    Feature record: CXX_FEATURE:1cxx_decltype
    Feature record: CXX_FEATURE:0cxx_decltype_incomplete_return_types
    Feature record: CXX_FEATURE:1cxx_default_function_template_args
    Feature record: CXX_FEATURE:1cxx_defaulted_functions
    Feature record: CXX_FEATURE:1cxx_defaulted_move_initializers
    Feature record: CXX_FEATURE:1cxx_delegating_constructors
    Feature record: CXX_FEATURE:1cxx_deleted_functions
    Feature record: CXX_FEATURE:1cxx_enum_forward_declarations
    Feature record: CXX_FEATURE:1cxx_explicit_conversions
    Feature record: CXX_FEATURE:1cxx_extended_friend_declarations
    Feature record: CXX_FEATURE:1cxx_extern_templates
    Feature record: CXX_FEATURE:1cxx_final
    Feature record: CXX_FEATURE:1cxx_func_identifier
    Feature record: CXX_FEATURE:1cxx_generalized_initializers
    Feature record: CXX_FEATURE:0cxx_inheriting_constructors
    Feature record: CXX_FEATURE:1cxx_inline_namespaces
    Feature record: CXX_FEATURE:1cxx_lambdas
    Feature record: CXX_FEATURE:1cxx_local_type_template_args
    Feature record: CXX_FEATURE:1cxx_long_long_type
    Feature record: CXX_FEATURE:1cxx_noexcept
    Feature record: CXX_FEATURE:1cxx_nonstatic_member_init
    Feature record: CXX_FEATURE:1cxx_nullptr
    Feature record: CXX_FEATURE:1cxx_override
    Feature record: CXX_FEATURE:1cxx_range_for
    Feature record: CXX_FEATURE:1cxx_raw_string_literals
    Feature record: CXX_FEATURE:0cxx_reference_qualified_functions
    Feature record: CXX_FEATURE:1cxx_right_angle_brackets
    Feature record: CXX_FEATURE:1cxx_rvalue_references
    Feature record: CXX_FEATURE:1cxx_sizeof_member
    Feature record: CXX_FEATURE:1cxx_static_assert
    Feature record: CXX_FEATURE:1cxx_strong_enums
    Feature record: CXX_FEATURE:0cxx_thread_local
    Feature record: CXX_FEATURE:1cxx_trailing_return_types
    Feature record: CXX_FEATURE:1cxx_unicode_literals
    Feature record: CXX_FEATURE:1cxx_uniform_initialization
    Feature record: CXX_FEATURE:1cxx_unrestricted_unions
    Feature record: CXX_FEATURE:1cxx_user_literals
    Feature record: CXX_FEATURE:1cxx_variadic_macros
    Feature record: CXX_FEATURE:1cxx_variadic_templates
    Feature record: CXX_FEATURE:0cxx_aggregate_default_initializers
    Feature record: CXX_FEATURE:0cxx_attribute_deprecated
    Feature record: CXX_FEATURE:0cxx_binary_literals
    Feature record: CXX_FEATURE:0cxx_contextual_conversions
    Feature record: CXX_FEATURE:0cxx_decltype_auto
    Feature record: CXX_FEATURE:0cxx_digit_separators
    Feature record: CXX_FEATURE:0cxx_generic_lambdas
    Feature record: CXX_FEATURE:0cxx_lambda_init_captures
    Feature record: CXX_FEATURE:0cxx_relaxed_constexpr
    Feature record: CXX_FEATURE:0cxx_return_type_deduction
    Feature record: CXX_FEATURE:0cxx_variable_templates
